<?xml version="1.0" encoding="UTF-8"?>
<testng-results ignored="0" total="1" passed="1" failed="0" skipped="0">
  <reporter-output>
  </reporter-output>
  <suite started-at="2021-07-15T20:47:46 IST" name="Default suite" finished-at="2021-07-15T20:48:12 IST" duration-ms="26278">
    <groups>
    </groups>
    <test started-at="2021-07-15T20:47:46 IST" name="Default test" finished-at="2021-07-15T20:48:12 IST" duration-ms="26278">
      <class name="Academy.validateTitle">
        <test-method is-config="true" signature="initialize()[pri:0, instance:Academy.validateTitle@5b40ceb]" started-at="2021-07-15T20:47:46 IST" name="initialize" finished-at="2021-07-15T20:48:08 IST" duration-ms="21902" status="PASS">
          <reporter-output>
          </reporter-output>
        </test-method> <!-- initialize -->
        <test-method signature="verifyTitle()[pri:0, instance:Academy.validateTitle@5b40ceb]" started-at="2021-07-15T20:48:08 IST" name="verifyTitle" finished-at="2021-07-15T20:48:08 IST" duration-ms="180" status="PASS">
          <reporter-output>
          </reporter-output>
        </test-method> <!-- verifyTitle -->
        <test-method is-config="true" signature="teardown()[pri:0, instance:Academy.validateTitle@5b40ceb]" started-at="2021-07-15T20:48:08 IST" name="teardown" finished-at="2021-07-15T20:48:12 IST" duration-ms="4157" status="PASS">
          <reporter-output>
          </reporter-output>
        </test-method> <!-- teardown -->
      </class> <!-- Academy.validateTitle -->
    </test> <!-- Default test -->
  </suite> <!-- Default suite -->
</testng-results>
